<?xml version="1.0" encoding="UTF-8"?>
<!-- Generated by org.testng.reporters.JUnitReportReporter -->
<testsuite hostname="DELL-V15" failures="0" tests="1" name="ms.testng.ms.SampleTest" time="0.011" errors="0" timestamp="2024-01-17T22:13:52 IST" skipped="0">
  <testcase classname="ms.testng.ms.SampleTest" name="sampleTestMethod" time="0.011"/>
</testsuite> <!-- ms.testng.ms.SampleTest -->
